# JRE version: OpenJDK Runtime Environment Microsoft-8035246 (17.0.8+7) (build 17.0.8+7-LTS)
# Java VM: OpenJDK 64-Bit Server VM Microsoft-8035246 (17.0.8+7-LTS, mixed mode, sharing, tiered, compressed oops, compressed class ptrs, g1 gc, windows-amd64)
GC Precious Log:
 CPUs: 4 total, 4 available
 Memory: 8075M
 Large Page Support: Disabled
 NUMA Support: Disabled
 Compressed Oops: Enabled (32-bit)
 Heap Region Size: 1M
 Heap Min Capacity: 8M
 Heap Initial Capacity: 128M
 Heap Max Capacity: 2G
 Pre-touch: Disabled
 Parallel Workers: 4
 Concurrent Workers: 1
 Concurrent Refinement Workers: 4
 Periodic GC: Disabled
Heap:
 garbage-first heap   total 299008K, used 235122K [0x0000000080000000, 0x0000000100000000)
  region size 1024K, 15 young (15360K), 5 survivors (5120K)
 Metaspace       used 104721K, committed 106112K, reserved 557056K
  class space    used 14595K, committed 15296K, reserved 425984K
GC Heap History (20 events):
Event: 66.073 GC heap before
{Heap before GC invocations=35 (full 0):
 garbage-first heap   total 206848K, used 169340K [0x0000000080000000, 0x0000000100000000)
  region size 1024K, 42 young (43008K), 5 survivors (5120K)
 Metaspace       used 96622K, committed 97728K, reserved 557056K
  class space    used 13417K, committed 13952K, reserved 425984K
}
Event: 66.087 GC heap after
{Heap after GC invocations=36 (full 0):
 garbage-first heap   total 248832K, used 142738K [0x0000000080000000, 0x0000000100000000)
  region size 1024K, 6 young (6144K), 6 survivors (6144K)
 Metaspace       used 96622K, committed 97728K, reserved 557056K
  class space    used 13417K, committed 13952K, reserved 425984K
}
Event: 66.938 GC heap before
{Heap before GC invocations=36 (full 0):
 garbage-first heap   total 248832K, used 193938K [0x0000000080000000, 0x0000000100000000)
  region size 1024K, 57 young (58368K), 6 survivors (6144K)
 Metaspace       used 97495K, committed 98560K, reserved 557056K
  class space    used 13539K, committed 14080K, reserved 425984K
}
Event: 66.969 GC heap after
{Heap after GC invocations=37 (full 0):
 garbage-first heap   total 248832K, used 153988K [0x0000000080000000, 0x0000000100000000)
  region size 1024K, 8 young (8192K), 8 survivors (8192K)
 Metaspace       used 97495K, committed 98560K, reserved 557056K
  class space    used 13539K, committed 14080K, reserved 425984K
}
Event: 67.424 GC heap before
{Heap before GC invocations=37 (full 0):
 garbage-first heap   total 248832K, used 198020K [0x0000000080000000, 0x0000000100000000)
  region size 1024K, 51 young (52224K), 8 survivors (8192K)
 Metaspace       used 98680K, committed 99904K, reserved 557056K
  class space    used 13736K, committed 14336K, reserved 425984K
}
Event: 67.445 GC heap after
{Heap after GC invocations=38 (full 0):
 garbage-first heap   total 248832K, used 159436K [0x0000000080000000, 0x0000000100000000)
  region size 1024K, 5 young (5120K), 5 survivors (5120K)
 Metaspace       used 98680K, committed 99904K, reserved 557056K
  class space    used 13736K, committed 14336K, reserved 425984K
}
Event: 67.913 GC heap before
{Heap before GC invocations=38 (full 0):
 garbage-first heap   total 248832K, used 202444K [0x0000000080000000, 0x0000000100000000)
  region size 1024K, 47 young (48128K), 5 survivors (5120K)
 Metaspace       used 99757K, committed 100928K, reserved 557056K
  class space    used 13884K, committed 14464K, reserved 425984K
}
Event: 67.926 GC heap after
{Heap after GC invocations=39 (full 0):
 garbage-first heap   total 248832K, used 164212K [0x0000000080000000, 0x0000000100000000)
  region size 1024K, 5 young (5120K), 5 survivors (5120K)
 Metaspace       used 99757K, committed 100928K, reserved 557056K
  class space    used 13884K, committed 14464K, reserved 425984K
}
Event: 68.415 GC heap before
{Heap before GC invocations=39 (full 0):
 garbage-first heap   total 248832K, used 205172K [0x0000000080000000, 0x0000000100000000)
  region size 1024K, 45 young (46080K), 5 survivors (5120K)
 Metaspace       used 100693K, committed 101824K, reserved 557056K
  class space    used 14014K, committed 14592K, reserved 425984K
}
Event: 68.433 GC heap after
{Heap after GC invocations=40 (full 0):
 garbage-first heap   total 299008K, used 170161K [0x0000000080000000, 0x0000000100000000)
  region size 1024K, 6 young (6144K), 6 survivors (6144K)
 Metaspace       used 100693K, committed 101824K, reserved 557056K
  class space    used 14014K, committed 14592K, reserved 425984K
}
Event: 70.452 GC heap before
{Heap before GC invocations=40 (full 0):
 garbage-first heap   total 299008K, used 237745K [0x0000000080000000, 0x0000000100000000)
  region size 1024K, 72 young (73728K), 6 survivors (6144K)
 Metaspace       used 102310K, committed 103488K, reserved 557056K
  class space    used 14211K, committed 14784K, reserved 425984K
}
Event: 70.469 GC heap after
{Heap after GC invocations=41 (full 0):
 garbage-first heap   total 299008K, used 178637K [0x0000000080000000, 0x0000000100000000)
  region size 1024K, 9 young (9216K), 9 survivors (9216K)
 Metaspace       used 102310K, committed 103488K, reserved 557056K
  class space    used 14211K, committed 14784K, reserved 425984K
}
Event: 71.625 GC heap before
{Heap before GC invocations=41 (full 0):
 garbage-first heap   total 299008K, used 248269K [0x0000000080000000, 0x0000000100000000)
  region size 1024K, 70 young (71680K), 9 survivors (9216K)
 Metaspace       used 103010K, committed 104256K, reserved 557056K
  class space    used 14331K, committed 14912K, reserved 425984K
}
Event: 71.647 GC heap after
{Heap after GC invocations=42 (full 0):
 garbage-first heap   total 299008K, used 202491K [0x0000000080000000, 0x0000000100000000)
  region size 1024K, 9 young (9216K), 9 survivors (9216K)
 Metaspace       used 103010K, committed 104256K, reserved 557056K
  class space    used 14331K, committed 14912K, reserved 425984K
}
Event: 72.459 GC heap before
{Heap before GC invocations=42 (full 0):
 garbage-first heap   total 299008K, used 245499K [0x0000000080000000, 0x0000000100000000)
  region size 1024K, 51 young (52224K), 9 survivors (9216K)
 Metaspace       used 103934K, committed 105280K, reserved 557056K
  class space    used 14472K, committed 15104K, reserved 425984K
}
Event: 72.475 GC heap after
{Heap after GC invocations=43 (full 0):
 garbage-first heap   total 299008K, used 208659K [0x0000000080000000, 0x0000000100000000)
  region size 1024K, 6 young (6144K), 6 survivors (6144K)
 Metaspace       used 103934K, committed 105280K, reserved 557056K
  class space    used 14472K, committed 15104K, reserved 425984K
}
Event: 73.145 GC heap before
{Heap before GC invocations=43 (full 0):
 garbage-first heap   total 299008K, used 248595K [0x0000000080000000, 0x0000000100000000)
  region size 1024K, 44 young (45056K), 6 survivors (6144K)
 Metaspace       used 104237K, committed 105536K, reserved 557056K
  class space    used 14518K, committed 15168K, reserved 425984K
}
Event: 73.162 GC heap after
{Heap after GC invocations=44 (full 0):
 garbage-first heap   total 299008K, used 215415K [0x0000000080000000, 0x0000000100000000)
  region size 1024K, 6 young (6144K), 6 survivors (6144K)
 Metaspace       used 104237K, committed 105536K, reserved 557056K
  class space    used 14518K, committed 15168K, reserved 425984K
}
Event: 73.595 GC heap before
{Heap before GC invocations=44 (full 0):
 garbage-first heap   total 299008K, used 249207K [0x0000000080000000, 0x0000000100000000)
  region size 1024K, 40 young (40960K), 6 survivors (6144K)
 Metaspace       used 104681K, committed 106112K, reserved 557056K
  class space    used 14588K, committed 15296K, reserved 425984K
}
Event: 73.614 GC heap after
{Heap after GC invocations=45 (full 0):
 garbage-first heap   total 299008K, used 225906K [0x0000000080000000, 0x0000000100000000)
  region size 1024K, 5 young (5120K), 5 survivors (5120K)
 Metaspace       used 104681K, committed 106112K, reserved 557056K
  class space    used 14588K, committed 15296K, reserved 425984K
}

